<?xml version="1.0" encoding="utf-8"?><testsuites name="pytest tests"><testsuite name="pytest" errors="0" failures="0" skipped="0" tests="44" time="18.900" timestamp="2026-05-19T20:28:39.355485+00:00" hostname="agent-env-6d1cdfbb-66d9-4350-9f7f-b8469dc086dd"><testcase classname="backend.tests.test_delaybridge_backend.TestAuth" name="test_login_success_sets_cookies" time="0.780" /><testcase classname="backend.tests.test_delaybridge_backend.TestAuth" name="test_login_invalid_credentials" time="0.292" /><testcase classname="backend.tests.test_delaybridge_backend.TestAuth" name="test_me_with_bearer" time="0.646" /><testcase classname="backend.tests.test_delaybridge_backend.TestAuth" name="test_me_unauthenticated" time="0.104" /><testcase classname="backend.tests.test_delaybridge_backend.TestPublicDemo" name="test_full_analysis" time="0.182" /><testcase classname="backend.tests.test_delaybridge_backend.TestPublicDemo" name="test_flags" time="0.086" /><testcase classname="backend.tests.test_delaybridge_backend.TestPublicDemo" name="test_flags_filter_severity_critical" time="0.166" /><testcase classname="backend.tests.test_delaybridge_backend.TestPublicDemo" name="test_flags_filter_status_open" time="0.074" /><testcase classname="backend.tests.test_delaybridge_backend.TestPublicDemo" name="test_variances" time="0.087" /><testcase classname="backend.tests.test_delaybridge_backend.TestPublicDemo" name="test_correlations" time="0.072" /><testcase classname="backend.tests.test_delaybridge_backend.TestPublicDemo" name="test_dependencies" time="0.085" /><testcase classname="backend.tests.test_delaybridge_backend.TestPublicDemo" name="test_downstream" time="0.074" /><testcase classname="backend.tests.test_delaybridge_backend.TestPublicDemo" name="test_onboarding" time="0.067" /><testcase classname="backend.tests.test_delaybridge_backend.TestPublicDemo" name="test_status" time="0.079" /><testcase classname="backend.tests.test_delaybridge_backend.TestPublicDemo" name="test_refresh_demo_no_op" time="0.111" /><testcase classname="backend.tests.test_delaybridge_backend.TestFlagActions" name="test_acknowledge_then_resolve" time="0.241" /><testcase classname="backend.tests.test_delaybridge_backend.TestChat" name="test_admin_chat_real_names" time="5.605" /><testcase classname="backend.tests.test_delaybridge_backend.TestChat" name="test_dependent_chat_pressure_loop" time="7.993" /><testcase classname="backend.tests.test_delaybridge_backend.TestChat" name="test_chat_suggestions_admin" time="0.078" /><testcase classname="backend.tests.test_delaybridge_backend.TestChat" name="test_chat_suggestions_dependent" time="0.077" /><testcase classname="backend.tests.test_delaybridge_backend.TestChat" name="test_chat_history" time="0.075" /><testcase classname="backend.tests.test_delaybridge_backend.TestChat" name="test_alerts" time="0.072" /><testcase classname="backend.tests.test_delaybridge_backend.TestAdminSessions" name="test_create_session" time="0.068" /><testcase classname="backend.tests.test_delaybridge_backend.TestAdminSessions" name="test_list_sessions" time="0.071" /><testcase classname="backend.tests.test_delaybridge_backend.TestAdminSessions" name="test_get_session" time="0.071" /><testcase classname="backend.tests.test_delaybridge_backend.TestAdminSessions" name="test_load_demo_runs_analysis" time="0.080" /><testcase classname="backend.tests.test_delaybridge_backend.TestAdminSessions" name="test_public_reachable_after_load_demo" time="0.123" /><testcase classname="backend.tests.test_delaybridge_backend.TestAdminSessions" name="test_invalid_sheet_url" time="0.071" /><testcase classname="backend.tests.test_delaybridge_backend.TestAdminSessions" name="test_delete_session_and_404_after" time="0.140" /><testcase classname="backend.tests.test_delaybridge_backend.TestBadToken" name="test_bad_token_404[]" time="0.071" /><testcase classname="backend.tests.test_delaybridge_backend.TestBadToken" name="test_bad_token_404[/flags]" time="0.072" /><testcase classname="backend.tests.test_delaybridge_backend.TestBadToken" name="test_bad_token_404[/variances]" time="0.068" /><testcase classname="backend.tests.test_delaybridge_backend.TestBadToken" name="test_bad_token_404[/correlations]" time="0.071" /><testcase classname="backend.tests.test_delaybridge_backend.TestBadToken" name="test_bad_token_404[/dependencies]" time="0.079" /><testcase classname="backend.tests.test_delaybridge_backend.TestBadToken" name="test_bad_token_404[/onboarding]" time="0.068" /><testcase classname="backend.tests.test_delaybridge_backend.TestBadToken" name="test_bad_token_404[/status]" time="0.074" /><testcase classname="backend.tests.test_delaybridge_backend.TestBadToken" name="test_bad_token_404[/alerts]" time="0.069" /><testcase classname="backend.tests.test_delaybridge_backend.TestBadToken" name="test_bad_token_404[/chat/history]" time="0.079" /><testcase classname="backend.tests.test_delaybridge_backend.TestObjectIdLeak" name="test_no_mongo_id[/api/public/demo-nit76-operations]" time="0.107" /><testcase classname="backend.tests.test_delaybridge_backend.TestObjectIdLeak" name="test_no_mongo_id[/api/public/demo-nit76-operations/flags]" time="0.083" /><testcase classname="backend.tests.test_delaybridge_backend.TestObjectIdLeak" name="test_no_mongo_id[/api/public/demo-nit76-operations/variances]" time="0.078" /><testcase classname="backend.tests.test_delaybridge_backend.TestObjectIdLeak" name="test_no_mongo_id[/api/public/demo-nit76-operations/correlations]" time="0.073" /><testcase classname="backend.tests.test_delaybridge_backend.TestObjectIdLeak" name="test_no_mongo_id[/api/public/demo-nit76-operations/chat/history]" time="0.071" /><testcase classname="backend.tests.test_delaybridge_backend.TestObjectIdLeak" name="test_no_mongo_id[/api/public/demo-nit76-operations/alerts]" time="0.074" /></testsuite></testsuites>