<?xml version="1.0" encoding="utf-8"?><testsuites name="pytest tests"><testsuite name="pytest" errors="0" failures="0" skipped="0" tests="16" time="4.166" timestamp="2026-05-21T18:55:39.529060+00:00" hostname="agent-env-6d1cdfbb-66d9-4350-9f7f-b8469dc086dd"><testcase classname="backend.tests.test_studio_backend.TestStudioAuth" name="test_create_map_requires_auth" time="0.337" /><testcase classname="backend.tests.test_studio_backend.TestStudioAuth" name="test_list_maps_requires_auth" time="0.191" /><testcase classname="backend.tests.test_studio_backend.TestStudioMapCRUD" name="test_create_map" time="0.644" /><testcase classname="backend.tests.test_studio_backend.TestStudioMapCRUD" name="test_list_maps" time="0.090" /><testcase classname="backend.tests.test_studio_backend.TestStudioMapCRUD" name="test_save_and_get_map" time="0.206" /><testcase classname="backend.tests.test_studio_backend.TestStudioAnalyze" name="test_analyze_frontend_to_database_bad_pattern" time="0.082" /><testcase classname="backend.tests.test_studio_backend.TestStudioAnalyze" name="test_analyze_cycle_detection" time="0.363" /><testcase classname="backend.tests.test_studio_backend.TestStudioAnalyze" name="test_analyze_orphan_detection" time="0.355" /><testcase classname="backend.tests.test_studio_backend.TestStudioShare" name="test_public_private_returns_403" time="0.275" /><testcase classname="backend.tests.test_studio_backend.TestStudioShare" name="test_public_mode_returns_data" time="0.268" /><testcase classname="backend.tests.test_studio_backend.TestStudioShare" name="test_public_readonly_put_403" time="0.344" /><testcase classname="backend.tests.test_studio_backend.TestStudioShare" name="test_public_editable_put_succeeds" time="0.358" /><testcase classname="backend.tests.test_studio_backend.TestStudioFetch" name="test_fetch_invalid_url" time="0.174" /><testcase classname="backend.tests.test_studio_backend.TestStudioDelete" name="test_delete_map" time="0.181" /><testcase classname="backend.tests.test_studio_backend.TestRegression" name="test_health" time="0.124" /><testcase classname="backend.tests.test_studio_backend.TestRegression" name="test_auth_me" time="0.081" /></testsuite></testsuites>