<?xml version="1.0" encoding="utf-8"?><testsuites name="pytest tests"><testsuite name="pytest" errors="0" failures="0" skipped="0" tests="9" time="1.635" timestamp="2026-05-19T20:28:32.856394+00:00" hostname="agent-env-6d1cdfbb-66d9-4350-9f7f-b8469dc086dd"><testcase classname="backend.tests.test_export_endpoints.TestPublicExport" name="test_export_no_fields_returns_full" time="0.434" /><testcase classname="backend.tests.test_export_endpoints.TestPublicExport" name="test_export_with_specific_fields" time="0.103" /><testcase classname="backend.tests.test_export_endpoints.TestPublicExport" name="test_export_unknown_field" time="0.074" /><testcase classname="backend.tests.test_export_endpoints.TestPublicExport" name="test_export_bad_token_404" time="0.082" /><testcase classname="backend.tests.test_export_endpoints.TestExportConfig" name="test_create_session_for_config" time="0.363" /><testcase classname="backend.tests.test_export_endpoints.TestExportConfig" name="test_get_config_unauth" time="0.140" /><testcase classname="backend.tests.test_export_endpoints.TestExportConfig" name="test_get_config_default_empty" time="0.068" /><testcase classname="backend.tests.test_export_endpoints.TestExportConfig" name="test_post_config_persists" time="0.224" /><testcase classname="backend.tests.test_export_endpoints.TestExportConfig" name="test_cleanup" time="0.072" /></testsuite></testsuites>