<?xml version="1.0" encoding="utf-8"?><testsuites name="pytest tests"><testsuite name="pytest" errors="0" failures="28" skipped="0" tests="69" time="44.987" timestamp="2026-05-21T18:55:47.828192+00:00" hostname="agent-env-6d1cdfbb-66d9-4350-9f7f-b8469dc086dd"><testcase classname="backend.tests.test_delaybridge_backend.TestAuth" name="test_login_success_sets_cookies" time="0.475" /><testcase classname="backend.tests.test_delaybridge_backend.TestAuth" name="test_login_invalid_credentials" time="0.301" /><testcase classname="backend.tests.test_delaybridge_backend.TestAuth" name="test_me_with_bearer" time="0.364" /><testcase classname="backend.tests.test_delaybridge_backend.TestAuth" name="test_me_unauthenticated" time="0.140" /><testcase classname="backend.tests.test_delaybridge_backend.TestPublicDemo" name="test_full_analysis" time="0.076"><failure message="assert 404 == 200&#10; +  where 404 = &lt;Response [404]&gt;.status_code">E   assert 404 == 200
     +  where 404 = &lt;Response [404]&gt;.status_code</failure></testcase><testcase classname="backend.tests.test_delaybridge_backend.TestPublicDemo" name="test_flags" time="0.071"><failure message="assert 404 == 200&#10; +  where 404 = &lt;Response [404]&gt;.status_code">E   assert 404 == 200
     +  where 404 = &lt;Response [404]&gt;.status_code</failure></testcase><testcase classname="backend.tests.test_delaybridge_backend.TestPublicDemo" name="test_flags_filter_severity_critical" time="0.136"><failure message="KeyError: 'count'">E   KeyError: 'count'</failure></testcase><testcase classname="backend.tests.test_delaybridge_backend.TestPublicDemo" name="test_flags_filter_status_open" time="0.067"><failure message="KeyError: 'flags'">E   KeyError: 'flags'</failure></testcase><testcase classname="backend.tests.test_delaybridge_backend.TestPublicDemo" name="test_variances" time="0.072"><failure message="assert 404 == 200&#10; +  where 404 = &lt;Response [404]&gt;.status_code">E   assert 404 == 200
     +  where 404 = &lt;Response [404]&gt;.status_code</failure></testcase><testcase classname="backend.tests.test_delaybridge_backend.TestPublicDemo" name="test_correlations" time="0.074"><failure message="assert 404 == 200&#10; +  where 404 = &lt;Response [404]&gt;.status_code">E   assert 404 == 200
     +  where 404 = &lt;Response [404]&gt;.status_code</failure></testcase><testcase classname="backend.tests.test_delaybridge_backend.TestPublicDemo" name="test_dependencies" time="0.072"><failure message="assert 404 == 200&#10; +  where 404 = &lt;Response [404]&gt;.status_code">E   assert 404 == 200
     +  where 404 = &lt;Response [404]&gt;.status_code</failure></testcase><testcase classname="backend.tests.test_delaybridge_backend.TestPublicDemo" name="test_downstream" time="0.079"><failure message="assert 404 == 200&#10; +  where 404 = &lt;Response [404]&gt;.status_code">E   assert 404 == 200
     +  where 404 = &lt;Response [404]&gt;.status_code</failure></testcase><testcase classname="backend.tests.test_delaybridge_backend.TestPublicDemo" name="test_onboarding" time="0.073" /><testcase classname="backend.tests.test_delaybridge_backend.TestPublicDemo" name="test_status" time="0.084"><failure message="assert 404 == 200&#10; +  where 404 = &lt;Response [404]&gt;.status_code">E   assert 404 == 200
     +  where 404 = &lt;Response [404]&gt;.status_code</failure></testcase><testcase classname="backend.tests.test_delaybridge_backend.TestPublicDemo" name="test_refresh_demo_no_op" time="0.078"><failure message="assert 404 == 200&#10; +  where 404 = &lt;Response [404]&gt;.status_code">E   assert 404 == 200
     +  where 404 = &lt;Response [404]&gt;.status_code</failure></testcase><testcase classname="backend.tests.test_delaybridge_backend.TestFlagActions" name="test_acknowledge_then_resolve" time="0.072"><failure message="KeyError: 'flags'">E   KeyError: 'flags'</failure></testcase><testcase classname="backend.tests.test_delaybridge_backend.TestChat" name="test_admin_chat_real_names" time="0.075"><failure message="AssertionError: {&quot;detail&quot;:&quot;Session not found for token.&quot;}&#10;assert 404 == 200&#10; +  where 404 = &lt;Response [404]&gt;.status_code">E   AssertionError: {"detail":"Session not found for token."}
    assert 404 == 200
     +  where 404 = &lt;Response [404]&gt;.status_code</failure></testcase><testcase classname="backend.tests.test_delaybridge_backend.TestChat" name="test_dependent_chat_pressure_loop" time="0.076"><failure message="KeyError: 'count'">E   KeyError: 'count'</failure></testcase><testcase classname="backend.tests.test_delaybridge_backend.TestChat" name="test_chat_suggestions_admin" time="0.075"><failure message="assert 404 == 200&#10; +  where 404 = &lt;Response [404]&gt;.status_code">E   assert 404 == 200
     +  where 404 = &lt;Response [404]&gt;.status_code</failure></testcase><testcase classname="backend.tests.test_delaybridge_backend.TestChat" name="test_chat_suggestions_dependent" time="0.075"><failure message="assert 404 == 200&#10; +  where 404 = &lt;Response [404]&gt;.status_code">E   assert 404 == 200
     +  where 404 = &lt;Response [404]&gt;.status_code</failure></testcase><testcase classname="backend.tests.test_delaybridge_backend.TestChat" name="test_chat_history" time="0.071"><failure message="assert 404 == 200&#10; +  where 404 = &lt;Response [404]&gt;.status_code">E   assert 404 == 200
     +  where 404 = &lt;Response [404]&gt;.status_code</failure></testcase><testcase classname="backend.tests.test_delaybridge_backend.TestChat" name="test_alerts" time="0.070"><failure message="assert 404 == 200&#10; +  where 404 = &lt;Response [404]&gt;.status_code">E   assert 404 == 200
     +  where 404 = &lt;Response [404]&gt;.status_code</failure></testcase><testcase classname="backend.tests.test_delaybridge_backend.TestAdminSessions" name="test_create_session" time="0.081" /><testcase classname="backend.tests.test_delaybridge_backend.TestAdminSessions" name="test_list_sessions" time="0.092" /><testcase classname="backend.tests.test_delaybridge_backend.TestAdminSessions" name="test_get_session" time="0.072" /><testcase classname="backend.tests.test_delaybridge_backend.TestAdminSessions" name="test_load_demo_runs_analysis" time="0.073"><failure message="AssertionError: {&quot;detail&quot;:&quot;Not Found&quot;}&#10;assert 404 == 200&#10; +  where 404 = &lt;Response [404]&gt;.status_code">E   AssertionError: {"detail":"Not Found"}
    assert 404 == 200
     +  where 404 = &lt;Response [404]&gt;.status_code</failure></testcase><testcase classname="backend.tests.test_delaybridge_backend.TestAdminSessions" name="test_public_reachable_after_load_demo" time="0.070"><failure message="assert 400 == 200&#10; +  where 400 = &lt;Response [400]&gt;.status_code">E   assert 400 == 200
     +  where 400 = &lt;Response [400]&gt;.status_code</failure></testcase><testcase classname="backend.tests.test_delaybridge_backend.TestAdminSessions" name="test_invalid_sheet_url" time="0.067" /><testcase classname="backend.tests.test_delaybridge_backend.TestAdminSessions" name="test_delete_session_and_404_after" time="0.125" /><testcase classname="backend.tests.test_delaybridge_backend.TestBadToken" name="test_bad_token_404[]" time="0.062" /><testcase classname="backend.tests.test_delaybridge_backend.TestBadToken" name="test_bad_token_404[/flags]" time="0.069" /><testcase classname="backend.tests.test_delaybridge_backend.TestBadToken" name="test_bad_token_404[/variances]" time="0.069" /><testcase classname="backend.tests.test_delaybridge_backend.TestBadToken" name="test_bad_token_404[/correlations]" time="0.077" /><testcase classname="backend.tests.test_delaybridge_backend.TestBadToken" name="test_bad_token_404[/dependencies]" time="0.065" /><testcase classname="backend.tests.test_delaybridge_backend.TestBadToken" name="test_bad_token_404[/onboarding]" time="0.065" /><testcase classname="backend.tests.test_delaybridge_backend.TestBadToken" name="test_bad_token_404[/status]" time="0.066" /><testcase classname="backend.tests.test_delaybridge_backend.TestBadToken" name="test_bad_token_404[/alerts]" time="0.074" /><testcase classname="backend.tests.test_delaybridge_backend.TestBadToken" name="test_bad_token_404[/chat/history]" time="0.072" /><testcase classname="backend.tests.test_delaybridge_backend.TestObjectIdLeak" name="test_no_mongo_id[/api/public/demo-nit76-operations]" time="0.069"><failure message="AssertionError: /api/public/demo-nit76-operations: 404&#10;assert 404 == 200&#10; +  where 404 = &lt;Response [404]&gt;.status_code">E   AssertionError: /api/public/demo-nit76-operations: 404
    assert 404 == 200
     +  where 404 = &lt;Response [404]&gt;.status_code</failure></testcase><testcase classname="backend.tests.test_delaybridge_backend.TestObjectIdLeak" name="test_no_mongo_id[/api/public/demo-nit76-operations/flags]" time="0.074"><failure message="AssertionError: /api/public/demo-nit76-operations/flags: 404&#10;assert 404 == 200&#10; +  where 404 = &lt;Response [404]&gt;.status_code">E   AssertionError: /api/public/demo-nit76-operations/flags: 404
    assert 404 == 200
     +  where 404 = &lt;Response [404]&gt;.status_code</failure></testcase><testcase classname="backend.tests.test_delaybridge_backend.TestObjectIdLeak" name="test_no_mongo_id[/api/public/demo-nit76-operations/variances]" time="0.068"><failure message="AssertionError: /api/public/demo-nit76-operations/variances: 404&#10;assert 404 == 200&#10; +  where 404 = &lt;Response [404]&gt;.status_code">E   AssertionError: /api/public/demo-nit76-operations/variances: 404
    assert 404 == 200
     +  where 404 = &lt;Response [404]&gt;.status_code</failure></testcase><testcase classname="backend.tests.test_delaybridge_backend.TestObjectIdLeak" name="test_no_mongo_id[/api/public/demo-nit76-operations/correlations]" time="0.064"><failure message="AssertionError: /api/public/demo-nit76-operations/correlations: 404&#10;assert 404 == 200&#10; +  where 404 = &lt;Response [404]&gt;.status_code">E   AssertionError: /api/public/demo-nit76-operations/correlations: 404
    assert 404 == 200
     +  where 404 = &lt;Response [404]&gt;.status_code</failure></testcase><testcase classname="backend.tests.test_delaybridge_backend.TestObjectIdLeak" name="test_no_mongo_id[/api/public/demo-nit76-operations/chat/history]" time="0.065"><failure message="AssertionError: /api/public/demo-nit76-operations/chat/history: 404&#10;assert 404 == 200&#10; +  where 404 = &lt;Response [404]&gt;.status_code">E   AssertionError: /api/public/demo-nit76-operations/chat/history: 404
    assert 404 == 200
     +  where 404 = &lt;Response [404]&gt;.status_code</failure></testcase><testcase classname="backend.tests.test_delaybridge_backend.TestObjectIdLeak" name="test_no_mongo_id[/api/public/demo-nit76-operations/alerts]" time="0.063"><failure message="AssertionError: /api/public/demo-nit76-operations/alerts: 404&#10;assert 404 == 200&#10; +  where 404 = &lt;Response [404]&gt;.status_code">E   AssertionError: /api/public/demo-nit76-operations/alerts: 404
    assert 404 == 200
     +  where 404 = &lt;Response [404]&gt;.status_code</failure></testcase><testcase classname="backend.tests.test_export_endpoints.TestPublicExport" name="test_export_no_fields_returns_full" time="0.130"><failure message="AssertionError: {&quot;detail&quot;:&quot;Session not found for token.&quot;}&#10;assert 404 == 200&#10; +  where 404 = &lt;Response [404]&gt;.status_code">E   AssertionError: {"detail":"Session not found for token."}
    assert 404 == 200
     +  where 404 = &lt;Response [404]&gt;.status_code</failure></testcase><testcase classname="backend.tests.test_export_endpoints.TestPublicExport" name="test_export_with_specific_fields" time="0.072"><failure message="AssertionError: {&quot;detail&quot;:&quot;Session not found for token.&quot;}&#10;assert 404 == 200&#10; +  where 404 = &lt;Response [404]&gt;.status_code">E   AssertionError: {"detail":"Session not found for token."}
    assert 404 == 200
     +  where 404 = &lt;Response [404]&gt;.status_code</failure></testcase><testcase classname="backend.tests.test_export_endpoints.TestPublicExport" name="test_export_unknown_field" time="0.073"><failure message="assert 404 == 200&#10; +  where 404 = &lt;Response [404]&gt;.status_code">E   assert 404 == 200
     +  where 404 = &lt;Response [404]&gt;.status_code</failure></testcase><testcase classname="backend.tests.test_export_endpoints.TestPublicExport" name="test_export_bad_token_404" time="0.077" /><testcase classname="backend.tests.test_export_endpoints.TestExportConfig" name="test_create_session_for_config" time="0.393" /><testcase classname="backend.tests.test_export_endpoints.TestExportConfig" name="test_get_config_unauth" time="36.168" /><testcase classname="backend.tests.test_export_endpoints.TestExportConfig" name="test_get_config_default_empty" time="0.089" /><testcase classname="backend.tests.test_export_endpoints.TestExportConfig" name="test_post_config_persists" time="0.148" /><testcase classname="backend.tests.test_export_endpoints.TestExportConfig" name="test_cleanup" time="0.071" /><testcase classname="backend.tests.test_studio_backend.TestStudioAuth" name="test_create_map_requires_auth" time="0.222" /><testcase classname="backend.tests.test_studio_backend.TestStudioAuth" name="test_list_maps_requires_auth" time="0.128" /><testcase classname="backend.tests.test_studio_backend.TestStudioMapCRUD" name="test_create_map" time="0.511" /><testcase classname="backend.tests.test_studio_backend.TestStudioMapCRUD" name="test_list_maps" time="0.079" /><testcase classname="backend.tests.test_studio_backend.TestStudioMapCRUD" name="test_save_and_get_map" time="0.178" /><testcase classname="backend.tests.test_studio_backend.TestStudioAnalyze" name="test_analyze_frontend_to_database_bad_pattern" time="0.084" /><testcase classname="backend.tests.test_studio_backend.TestStudioAnalyze" name="test_analyze_cycle_detection" time="0.327" /><testcase classname="backend.tests.test_studio_backend.TestStudioAnalyze" name="test_analyze_orphan_detection" time="0.325" /><testcase classname="backend.tests.test_studio_backend.TestStudioShare" name="test_public_private_returns_403" time="0.282" /><testcase classname="backend.tests.test_studio_backend.TestStudioShare" name="test_public_mode_returns_data" time="0.196" /><testcase classname="backend.tests.test_studio_backend.TestStudioShare" name="test_public_readonly_put_403" time="0.181" /><testcase classname="backend.tests.test_studio_backend.TestStudioShare" name="test_public_editable_put_succeeds" time="0.281" /><testcase classname="backend.tests.test_studio_backend.TestStudioFetch" name="test_fetch_invalid_url" time="0.172" /><testcase classname="backend.tests.test_studio_backend.TestStudioDelete" name="test_delete_map" time="0.156" /><testcase classname="backend.tests.test_studio_backend.TestRegression" name="test_health" time="0.127" /><testcase classname="backend.tests.test_studio_backend.TestRegression" name="test_auth_me" time="0.082" /></testsuite></testsuites>